C:\Users\lolki\Desktop\RecipeBox\RecipeBoxWebsite\Apache24\mysql-8.4.0-winx64\bin\mysqld.exe, Version: 8.4.0 (MySQL Community Server - GPL). started with:
TCP Port: 0, Named Pipe: MySQL
Time                 Id Command    Argument
C:\Users\lolki\Desktop\RecipeBox\RecipeBoxWebsite\Apache24\mysql-8.4.0-winx64\bin\mysqld.exe, Version: 8.4.0 (MySQL Community Server - GPL). started with:
TCP Port: 3306, Named Pipe: MySQL
Time                 Id Command    Argument
C:\Users\lolki\Desktop\RecipeBox\RecipeBoxWebsite\Apache24\mysql-8.4.0-winx64\bin\mysqld.exe, Version: 8.4.0 (MySQL Community Server - GPL). started with:
TCP Port: 3306, Named Pipe: MySQL
Time                 Id Command    Argument
C:\Users\lolki\Desktop\RecipeBox\RecipeBoxWebsite\Apache24\mysql-8.4.0-winx64\bin\mysqld.exe, Version: 8.4.0 (MySQL Community Server - GPL). started with:
TCP Port: 3306, Named Pipe: MySQL
Time                 Id Command    Argument
C:\Users\lolki\Desktop\RecipeBox\RecipeBoxWebsite\Apache24\mysql-8.4.0-winx64\bin\mysqld.exe, Version: 8.4.0 (MySQL Community Server - GPL). started with:
TCP Port: 3306, Named Pipe: MySQL
Time                 Id Command    Argument
C:\Users\lolki\Desktop\RecipeBox\RecipeBoxWebsite\Apache24\mysql-8.4.0-winx64\bin\mysqld.exe, Version: 8.4.0 (MySQL Community Server - GPL). started with:
TCP Port: 3306, Named Pipe: MySQL
Time                 Id Command    Argument
C:\Users\lolki\Desktop\RecipeBox\RecipeBoxWebsite\Apache24\mysql-8.4.0-winx64\bin\mysqld.exe, Version: 8.4.0 (MySQL Community Server - GPL). started with:
TCP Port: 3306, Named Pipe: MySQL
Time                 Id Command    Argument
C:\Users\lolki\Desktop\RecipeBox\RecipeBoxWebsite\Apache24\mysql-8.4.0-winx64\bin\mysqld.exe, Version: 8.4.0 (MySQL Community Server - GPL). started with:
TCP Port: 3306, Named Pipe: MySQL
Time                 Id Command    Argument
C:\Users\lolki\Desktop\WinWebProtable\Apache24\mysql-8.4.0-winx64\bin\mysqld.exe, Version: 8.4.0 (MySQL Community Server - GPL). started with:
TCP Port: 3306, Named Pipe: MySQL
Time                 Id Command    Argument
C:\Users\lolki\Desktop\WinWebPortable\Apache24\mysql-8.4.0-winx64\bin\mysqld.exe, Version: 8.4.0 (MySQL Community Server - GPL). started with:
TCP Port: 3306, Named Pipe: MySQL
Time                 Id Command    Argument
