2024-05-22T18:43:41.470295Z 0 [System] [MY-015015] [Server] MySQL Server - start.
2024-05-22T18:43:41.706913Z 0 [ERROR] [MY-010095] [Server] Failed to access directory for --secure-file-priv. Please make sure that directory exists and is accessible by MySQL Server. Supplied value : C:/Users/lolki/Desktop/RecipeBox/RecipeBoxWebsite/Apache24/DataFolder/Uploads
2024-05-22T18:43:41.709699Z 0 [ERROR] [MY-010119] [Server] Aborting
2024-05-22T18:43:41.710183Z 0 [System] [MY-010910] [Server] C:\Users\lolki\Desktop\WinWebPortable\Apache24\mysql-8.4.0-winx64\bin\mysqld.exe: Shutdown complete (mysqld 8.4.0)  MySQL Community Server - GPL.
2024-05-22T18:43:41.710187Z 0 [System] [MY-015016] [Server] MySQL Server - end.
2024-05-22T18:44:29.015184Z 0 [System] [MY-015015] [Server] MySQL Server - start.
2024-05-22T18:44:29.158853Z 0 [ERROR] [MY-010095] [Server] Failed to access directory for --secure-file-priv. Please make sure that directory exists and is accessible by MySQL Server. Supplied value : C:/Users/lolki/Desktop/RecipeBox/RecipeBoxWebsite/Apache24/DataFolder/Uploads
2024-05-22T18:44:29.160112Z 0 [ERROR] [MY-010119] [Server] Aborting
2024-05-22T18:44:29.160444Z 0 [System] [MY-010910] [Server] C:\Users\lolki\Desktop\WinWebPortable\Apache24\mysql-8.4.0-winx64\bin\mysqld.exe: Shutdown complete (mysqld 8.4.0)  MySQL Community Server - GPL.
2024-05-22T18:44:29.160448Z 0 [System] [MY-015016] [Server] MySQL Server - end.
2024-05-22T18:45:45.649474Z 0 [System] [MY-015015] [Server] MySQL Server - start.
2024-05-22T18:45:45.802098Z 0 [ERROR] [MY-010095] [Server] Failed to access directory for --secure-file-priv. Please make sure that directory exists and is accessible by MySQL Server. Supplied value : C:/Users/lolki/Desktop/RecipeBox/RecipeBoxWebsite/Apache24/DataFolder/Uploads
2024-05-22T18:45:45.803462Z 0 [ERROR] [MY-010119] [Server] Aborting
2024-05-22T18:45:45.803975Z 0 [System] [MY-010910] [Server] C:\Users\lolki\Desktop\WinWebPortable\Apache24\mysql-8.4.0-winx64\bin\mysqld.exe: Shutdown complete (mysqld 8.4.0)  MySQL Community Server - GPL.
2024-05-22T18:45:45.803981Z 0 [System] [MY-015016] [Server] MySQL Server - end.
2024-05-22T18:51:53.849982Z 0 [System] [MY-015015] [Server] MySQL Server - start.
2024-05-22T18:51:54.038205Z 0 [ERROR] [MY-010095] [Server] Failed to access directory for --secure-file-priv. Please make sure that directory exists and is accessible by MySQL Server. Supplied value : C:/Users/lolki/Desktop/RecipeBox/RecipeBoxWebsite/Apache24/DataFolder/Uploads
2024-05-22T18:51:54.039517Z 0 [ERROR] [MY-010119] [Server] Aborting
2024-05-22T18:51:54.039880Z 0 [System] [MY-010910] [Server] C:\Users\lolki\Desktop\WinWebPortable\Apache24\mysql-8.4.0-winx64\bin\mysqld.exe: Shutdown complete (mysqld 8.4.0)  MySQL Community Server - GPL.
2024-05-22T18:51:54.039884Z 0 [System] [MY-015016] [Server] MySQL Server - end.
2024-05-22T18:54:25.180926Z 0 [System] [MY-015015] [Server] MySQL Server - start.
2024-05-22T18:54:25.253444Z 0 [ERROR] [MY-010095] [Server] Failed to access directory for --secure-file-priv. Please make sure that directory exists and is accessible by MySQL Server. Supplied value : C:/Users/lolki/Desktop/RecipeBox/RecipeBoxWebsite/Apache24/DataFolder/Uploads
2024-05-22T18:54:25.254877Z 0 [ERROR] [MY-010119] [Server] Aborting
2024-05-22T18:54:25.255250Z 0 [System] [MY-010910] [Server] C:\Users\lolki\Desktop\WinWebPortable\Apache24\mysql-8.4.0-winx64\bin\mysqld.exe: Shutdown complete (mysqld 8.4.0)  MySQL Community Server - GPL.
2024-05-22T18:54:25.255255Z 0 [System] [MY-015016] [Server] MySQL Server - end.
2024-05-22T18:57:40.554894Z 0 [System] [MY-015015] [Server] MySQL Server - start.
2024-05-22T18:57:40.629554Z 0 [ERROR] [MY-010095] [Server] Failed to access directory for --secure-file-priv. Please make sure that directory exists and is accessible by MySQL Server. Supplied value : C:/Users/lolki/Desktop/RecipeBox/RecipeBoxWebsite/Apache24/DataFolder/Uploads
2024-05-22T18:57:40.630897Z 0 [ERROR] [MY-010119] [Server] Aborting
2024-05-22T18:57:40.631267Z 0 [System] [MY-010910] [Server] C:\Users\lolki\Desktop\WinWebPortable\Apache24\mysql-8.4.0-winx64\bin\mysqld.exe: Shutdown complete (mysqld 8.4.0)  MySQL Community Server - GPL.
2024-05-22T18:57:40.631272Z 0 [System] [MY-015016] [Server] MySQL Server - end.
2024-05-22T18:58:47.477966Z 0 [System] [MY-015015] [Server] MySQL Server - start.
2024-05-22T18:58:47.561882Z 0 [ERROR] [MY-010095] [Server] Failed to access directory for --secure-file-priv. Please make sure that directory exists and is accessible by MySQL Server. Supplied value : C:/Users/lolki/Desktop/RecipeBox/RecipeBoxWebsite/Apache24/DataFolder/Uploads
2024-05-22T18:58:47.563229Z 0 [ERROR] [MY-010119] [Server] Aborting
2024-05-22T18:58:47.563573Z 0 [System] [MY-010910] [Server] C:\Users\lolki\Desktop\WinWebPortable\Apache24\mysql-8.4.0-winx64\bin\mysqld.exe: Shutdown complete (mysqld 8.4.0)  MySQL Community Server - GPL.
2024-05-22T18:58:47.563577Z 0 [System] [MY-015016] [Server] MySQL Server - end.
2024-05-22T19:01:06.455573Z 0 [System] [MY-015015] [Server] MySQL Server - start.
2024-05-22T19:01:06.643167Z 0 [ERROR] [MY-010095] [Server] Failed to access directory for --secure-file-priv. Please make sure that directory exists and is accessible by MySQL Server. Supplied value : C:/Users/lolki/Desktop/RecipeBox/RecipeBoxWebsite/Apache24/DataFolder/Uploads
2024-05-22T19:01:06.644515Z 0 [ERROR] [MY-010119] [Server] Aborting
2024-05-22T19:01:06.644858Z 0 [System] [MY-010910] [Server] C:\Users\lolki\Desktop\WinWebPortable\Apache24\mysql-8.4.0-winx64\bin\mysqld.exe: Shutdown complete (mysqld 8.4.0)  MySQL Community Server - GPL.
2024-05-22T19:01:06.644863Z 0 [System] [MY-015016] [Server] MySQL Server - end.
2024-05-22T19:01:35.159577Z 0 [System] [MY-015015] [Server] MySQL Server - start.
2024-05-22T19:01:35.298229Z 0 [ERROR] [MY-010095] [Server] Failed to access directory for --secure-file-priv. Please make sure that directory exists and is accessible by MySQL Server. Supplied value : C:/Users/lolki/Desktop/RecipeBox/RecipeBoxWebsite/Apache24/DataFolder/Uploads
2024-05-22T19:01:35.299685Z 0 [ERROR] [MY-010119] [Server] Aborting
2024-05-22T19:01:35.300038Z 0 [System] [MY-010910] [Server] C:\Users\lolki\Desktop\WinWebPortable\Apache24\mysql-8.4.0-winx64\bin\mysqld.exe: Shutdown complete (mysqld 8.4.0)  MySQL Community Server - GPL.
2024-05-22T19:01:35.300043Z 0 [System] [MY-015016] [Server] MySQL Server - end.
2024-05-22T19:06:25.620308Z 0 [System] [MY-015015] [Server] MySQL Server - start.
2024-05-22T19:06:25.755026Z 0 [ERROR] [MY-010095] [Server] Failed to access directory for --secure-file-priv. Please make sure that directory exists and is accessible by MySQL Server. Supplied value : C:/Users/lolki/Desktop/RecipeBox/RecipeBoxWebsite/Apache24/DataFolder/Uploads
2024-05-22T19:06:25.756513Z 0 [ERROR] [MY-010119] [Server] Aborting
2024-05-22T19:06:25.756960Z 0 [System] [MY-010910] [Server] C:\Users\lolki\Desktop\WinWebPortable\Apache24\mysql-8.4.0-winx64\bin\mysqld.exe: Shutdown complete (mysqld 8.4.0)  MySQL Community Server - GPL.
2024-05-22T19:06:25.756965Z 0 [System] [MY-015016] [Server] MySQL Server - end.
